To honour the JVM settings for this build a single-use Daemon process will be forked. For more on this, please refer to https://docs.gradle.org/9.4.0/userguide/gradle_daemon.html#sec:disabling_the_daemon in the Gradle documentation.
Daemon will be stopped at the end of the build 

> Configure project :
Fabric Loom: 1.10.1
Previous process has disowned the lock due to abrupt termination.
Found existing cache lock file (ACQUIRED_PREVIOUS_OWNER_DISOWNED), rebuilding loom cache. This may have been caused by a failed or canceled build.

[Incubating] Problems report is available at: file:///data/data/com.termux/files/home/bloodvisual/build/reports/problems/problems-report.html

Deprecated Gradle features were used in this build, making it incompatible with Gradle 10.

You can use '--warning-mode all' to show the individual deprecation warnings and determine if they come from your own scripts or plugins.

For more on this, please refer to https://docs.gradle.org/9.4.0/userguide/command_line_interface.html#sec:command_line_warnings in the Gradle documentation.

FAILURE: Build failed with an exception.

* What went wrong:
A problem occurred configuring root project 'bloodvisual'.
> Could not resolve all files for configuration ':modImplementation'.
   > Could not find net.fabricmc.fabric-loader:0.16.9:.
     Required by:
         root project 'bloodvisual'
   > Could not find net.fabricmc.fabric-api:0.110.0+1.21.4:.
     Required by:
         root project 'bloodvisual'

* Try:
> Run with --stacktrace option to get the stack trace.
> Run with --info or --debug option to get more log output.
> Run with --scan to get full insights from a Build Scan (powered by Develocity).
> Get more help at https://help.gradle.org.

BUILD FAILED in 15s
